[debug] [2024-07-21T11:55:49.004Z] ----------------------------------------------------------------------
[debug] [2024-07-21T11:55:49.007Z] Command:       C:\Program Files\nodejs\node.exe C:\Users\ASUS\AppData\Roaming\npm\node_modules\firebase-tools\lib\bin\firebase.js init functions
[debug] [2024-07-21T11:55:49.007Z] CLI Version:   13.13.3
[debug] [2024-07-21T11:55:49.007Z] Platform:      win32
[debug] [2024-07-21T11:55:49.007Z] Node Version:  v20.11.0
[debug] [2024-07-21T11:55:49.007Z] Time:          Sun Jul 21 2024 17:25:49 GMT+0530 (India Standard Time)
[debug] [2024-07-21T11:55:49.008Z] ----------------------------------------------------------------------
[debug] 
[debug] [2024-07-21T11:55:49.013Z] > command requires scopes: ["email","openid","https://www.googleapis.com/auth/cloudplatformprojects.readonly","https://www.googleapis.com/auth/firebase","https://www.googleapis.com/auth/cloud-platform"]
[debug] [2024-07-21T11:55:49.013Z] > authorizing via signed-in user (vishal20120073623@gmail.com)
[info] 
     ######## #### ########  ######## ########     ###     ######  ########
     ##        ##  ##     ## ##       ##     ##  ##   ##  ##       ##
     ######    ##  ########  ######   ########  #########  ######  ######
     ##        ##  ##    ##  ##       ##     ## ##     ##       ## ##
     ##       #### ##     ## ######## ########  ##     ##  ######  ########

You're about to initialize a Firebase project in this directory:

  D:\all_assignemnt\spendwise

[info] 
=== Project Setup
[info] 
[info] First, let's associate this project directory with a Firebase project.
[info] You can create multiple project aliases by running firebase use --add, 
[info] but for now we'll just set up a default project.
[info] 
[debug] [2024-07-21T11:57:28.893Z] ----------------------------------------------------------------------
[debug] [2024-07-21T11:57:28.895Z] Command:       C:\Program Files\nodejs\node.exe C:\Users\ASUS\AppData\Roaming\npm\node_modules\firebase-tools\lib\bin\firebase.js init functions
[debug] [2024-07-21T11:57:28.896Z] CLI Version:   13.13.3
[debug] [2024-07-21T11:57:28.896Z] Platform:      win32
[debug] [2024-07-21T11:57:28.896Z] Node Version:  v20.11.0
[debug] [2024-07-21T11:57:28.896Z] Time:          Sun Jul 21 2024 17:27:28 GMT+0530 (India Standard Time)
[debug] [2024-07-21T11:57:28.896Z] ----------------------------------------------------------------------
[debug] 
[debug] [2024-07-21T11:57:28.902Z] > command requires scopes: ["email","openid","https://www.googleapis.com/auth/cloudplatformprojects.readonly","https://www.googleapis.com/auth/firebase","https://www.googleapis.com/auth/cloud-platform"]
[debug] [2024-07-21T11:57:28.903Z] > authorizing via signed-in user (vishal20120073623@gmail.com)
[info] 
     ######## #### ########  ######## ########     ###     ######  ########
     ##        ##  ##     ## ##       ##     ##  ##   ##  ##       ##
     ######    ##  ########  ######   ########  #########  ######  ######
     ##        ##  ##    ##  ##       ##     ## ##     ##       ## ##
     ##       #### ##     ## ######## ########  ##     ##  ######  ########

You're about to initialize a Firebase project in this directory:

  D:\all_assignemnt\spendwise

[info] 
=== Project Setup
[info] 
[info] First, let's associate this project directory with a Firebase project.
[info] You can create multiple project aliases by running firebase use --add, 
[info] but for now we'll just set up a default project.
[info] 
